apps/android/app/build/intermediates/mapping/release/minifyReleaseWithR8/seeds.txt
dev.caster.android.MainActivity
dev.caster.android.ui.CasterViewModel
dev.caster.android.data.HealthResponse: dev.caster.android.data.HealthResponse$Companion Companion
dev.caster.android.data.AuthSession$$serializer: kotlinx.serialization.descriptors.SerialDescriptor descriptor
dev.caster.android.data.LibrariesResponse$$serializer: kotlinx.serialization.descriptors.SerialDescriptor descriptor
dev.caster.android.data.SystemStatus: dev.caster.android.data.SystemStatus$Companion Companion
dev.caster.android.ui.PlayerRoute$$serializer: kotlinx.serialization.descriptors.SerialDescriptor descriptor
dev.caster.android.ui.HomeRoute: dev.caster.android.ui.HomeRoute INSTANCE
dev.caster.android.data.Series$$serializer: kotlinx.serialization.descriptors.SerialDescriptor descriptor
dev.caster.android.ui.PlayerRoute: dev.caster.android.ui.PlayerRoute$Companion Companion
dev.caster.android.data.WatchProgress: dev.caster.android.data.WatchProgress$Companion Companion
dev.caster.android.data.SuccessResponse$$serializer: kotlinx.serialization.descriptors.SerialDescriptor descriptor
dev.caster.android.data.AuthSession: dev.caster.android.data.AuthSession$Companion Companion
dev.caster.android.data.MediaListResponse: dev.caster.android.data.MediaListResponse$Companion Companion
dev.caster.android.data.ScanStartResponse: dev.caster.android.data.ScanStartResponse$Companion Companion
dev.caster.android.data.ScanStatus$$serializer: kotlinx.serialization.descriptors.SerialDescriptor descriptor
dev.caster.android.data.ProgressRequest$$serializer: kotlinx.serialization.descriptors.SerialDescriptor descriptor
dev.caster.android.data.SystemStatus$$serializer: kotlinx.serialization.descriptors.SerialDescriptor descriptor
dev.caster.android.ui.SearchRoute: dev.caster.android.ui.SearchRoute INSTANCE
dev.caster.android.data.MediaListResponse$$serializer: kotlinx.serialization.descriptors.SerialDescriptor descriptor
dev.caster.android.data.ScanStartResponse$$serializer: kotlinx.serialization.descriptors.SerialDescriptor descriptor
dev.caster.android.data.MediaItem: dev.caster.android.data.MediaItem$Companion Companion
dev.caster.android.data.ErrorResponse$$serializer: kotlinx.serialization.descriptors.SerialDescriptor descriptor
dev.caster.android.data.ProgressRequest: dev.caster.android.data.ProgressRequest$Companion Companion
dev.caster.android.ui.HistoryRoute: dev.caster.android.ui.HistoryRoute INSTANCE
dev.caster.android.ui.DetailRoute: dev.caster.android.ui.DetailRoute$Companion Companion
dev.caster.android.data.MediaResponse$$serializer: kotlinx.serialization.descriptors.SerialDescriptor descriptor
dev.caster.android.data.MediaStreamTrack$$serializer: kotlinx.serialization.descriptors.SerialDescriptor descriptor
dev.caster.android.data.ErrorResponse: dev.caster.android.data.ErrorResponse$Companion Companion
dev.caster.android.data.SeriesEpisodesResponse: dev.caster.android.data.SeriesEpisodesResponse$Companion Companion
dev.caster.android.data.HardwareRequest$$serializer: kotlinx.serialization.descriptors.SerialDescriptor descriptor
dev.caster.android.ui.DetailRoute$$serializer: kotlinx.serialization.descriptors.SerialDescriptor descriptor
dev.caster.android.data.SeriesResponse$$serializer: kotlinx.serialization.descriptors.SerialDescriptor descriptor
dev.caster.android.data.SeriesResponse: dev.caster.android.data.SeriesResponse$Companion Companion
dev.caster.android.data.MediaResponse: dev.caster.android.data.MediaResponse$Companion Companion
dev.caster.android.data.MediaDetailResponse$$serializer: kotlinx.serialization.descriptors.SerialDescriptor descriptor
dev.caster.android.data.HardwareRequest: dev.caster.android.data.HardwareRequest$Companion Companion
dev.caster.android.data.ScanStatus: dev.caster.android.data.ScanStatus$Companion Companion
dev.caster.android.data.Library$$serializer: kotlinx.serialization.descriptors.SerialDescriptor descriptor
...
androidx.core.view.WindowInsetsCompat$Impl20: void copyRootViewBounds(android.view.View)
androidx.compose.ui.platform.AndroidComposeViewVerificationHelperMethodsO: void focusable(android.view.View,int,boolean)
androidx.compose.ui.platform.AndroidComposeView: androidx.compose.ui.platform.ComposeViewContext getComposeViewContext()
androidx.core.graphics.drawable.IconCompat: IconCompat()
androidx.media3.ui.TrackSelectionView: void setAllowAdaptiveSelections(boolean)
androidx.media3.ui.PlayerControlView: void setProgressUpdateListener(androidx.media3.ui.PlayerControlView$ProgressUpdateListener)
androidx.window.area.reflectionguard.WindowAreaComponentApi3Requirements: void addRearDisplayStatusListener(androidx.window.extensions.core.util.function.Consumer)
androidx.core.app.CoreComponentFactory: CoreComponentFactory()
androidx.compose.ui.window.PopupLayout: androidx.compose.ui.layout.LayoutCoordinates getParentLayoutCoordinates()
androidx.core.view.WindowInsetsCompat$Impl30: WindowInsetsCompat$Impl30(androidx.core.view.WindowInsetsCompat,androidx.core.view.WindowInsetsCompat$Impl30)
androidx.compose.ui.platform.AndroidComposeView: androidx.compose.ui.node.OwnerSnapshotObserver getSnapshotObserver()
androidx.media3.ui.SubtitleView: androidx.media3.ui.CaptionStyleCompat getUserCaptionStyle()
androidx.appcompat.resources.Compatibility$Api18Impl: void setAutoCancel(android.animation.ObjectAnimator,boolean)
androidx.media3.ui.PlayerView: void setShowBuffering(int)
coil.size.Precision: coil.size.Precision[] values()
androidx.vectordrawable.graphics.drawable.VectorDrawableCompat$VFullPath: void setStrokeAlpha(float)
androidx.lifecycle.ReportFragment$LifecycleCallbacks: void onActivityPrePaused(android.app.Activity)
androidx.navigation.NavControllerViewModel: NavControllerViewModel()
androidx.compose.ui.platform.ViewLayer: float[] getUnderlyingMatrix-sQKQjiQ()
androidx.window.layout.adapter.sidecar.SidecarCompat$TranslatingCallback: void onWindowLayoutChanged(android.os.IBinder,androidx.window.sidecar.SidecarWindowLayoutInfo)
androidx.compose.foundation.text.TextContextMenuItems: androidx.compose.foundation.text.TextContextMenuItems[] values()
androidx.recyclerview.widget.RecyclerView: androidx.recyclerview.widget.RecyclerView$OnFlingListener getOnFlingListener()
androidx.lifecycle.ReportFragment$LifecycleCallbacks: void onActivityDestroyed(android.app.Activity)
androidx.compose.ui.platform.AndroidComposeView: void setUncaughtExceptionHandler(androidx.compose.ui.node.RootForTest$UncaughtExceptionHandler)
androidx.lifecycle.EmptyActivityLifecycleCallbacks: void onActivityPaused(android.app.Activity)
androidx.compose.foundation.text.selection.SelectedTextType: androidx.compose.foundation.text.selection.SelectedTextType valueOf(java.lang.String)
androidx.lifecycle.Lifecycle$State: androidx.lifecycle.Lifecycle$State[] values()
androidx.core.view.WindowInsetsCompat$Impl: androidx.core.view.WindowInsetsCompat inset(int,int,int,int)
androidx.core.view.WindowInsetsCompat$Impl20: void initTypeBoundingRectsMaps()
androidx.compose.ui.input.pointer.util.VelocityTracker1D$Strategy: androidx.compose.ui.input.pointer.util.VelocityTracker1D$Strategy[] values()
androidx.compose.ui.platform.AndroidComposeView: void set_composeViewContext(androidx.compose.ui.platform.ComposeViewContext)
androidx.recyclerview.widget.RecyclerView: void setScrollState(int)
androidx.compose.foundation.text.contextmenu.modifier.ToolbarHandlerState: androidx.compose.foundation.text.contextmenu.modifier.ToolbarHandlerState[] values()
androidx.compose.ui.viewinterop.AndroidViewHolder: void setOnDensityChanged$ui(kotlin.jvm.functions.Function1)
androidx.media3.exoplayer.image.ImageOutput: void onImageAvailable(long,android.graphics.Bitmap)
androidx.core.view.WindowInsetsCompat$Impl34: void initDisplayShape(android.view.View)
androidx.compose.ui.layout.IntrinsicMinMax: androidx.compose.ui.layout.IntrinsicMinMax valueOf(java.lang.String)